<?xml version="1.0" encoding="UTF-8"?>
<testng-results ignored="0" total="2" passed="2" failed="0" skipped="0">
  <reporter-output>
  </reporter-output>
  <suite started-at="2021-09-08T22:42:49 IST" name="flight-details-test" finished-at="2021-09-08T22:43:23 IST" duration-ms="33917">
    <groups>
    </groups>
    <test started-at="2021-09-08T22:42:49 IST" name="Nopackage" finished-at="2021-09-08T22:43:23 IST" duration-ms="33917">
      <class name="webPagesTest.UserRegistrationPageTest">
        <test-method is-config="true" signature="setup()[pri:0, instance:webPagesTest.UserRegistrationPageTest@3754a4bf]" started-at="2021-09-08T22:42:49 IST" name="setup" finished-at="2021-09-08T22:42:59 IST" duration-ms="9952" status="PASS">
          <reporter-output>
          </reporter-output>
        </test-method> <!-- setup -->
        <test-method signature="fillNewUserDetails()[pri:0, instance:webPagesTest.UserRegistrationPageTest@3754a4bf]" started-at="2021-09-08T22:42:59 IST" name="fillNewUserDetails" finished-at="2021-09-08T22:43:01 IST" duration-ms="1755" status="PASS">
          <reporter-output>
          </reporter-output>
        </test-method> <!-- fillNewUserDetails -->
        <test-method is-config="true" signature="tearDown()[pri:0, instance:webPagesTest.UserRegistrationPageTest@3754a4bf]" started-at="2021-09-08T22:43:01 IST" name="tearDown" finished-at="2021-09-08T22:43:01 IST" duration-ms="66" status="PASS">
          <reporter-output>
          </reporter-output>
        </test-method> <!-- tearDown -->
        <test-method is-config="true" signature="setup()[pri:0, instance:webPagesTest.UserRegistrationPageTest@3754a4bf]" started-at="2021-09-08T22:43:01 IST" name="setup" finished-at="2021-09-08T22:43:10 IST" duration-ms="8441" status="PASS">
          <reporter-output>
          </reporter-output>
        </test-method> <!-- setup -->
        <test-method signature="fillNewUserDetailsAndClickOnFlights()[pri:0, instance:webPagesTest.UserRegistrationPageTest@3754a4bf]" started-at="2021-09-08T22:43:10 IST" name="fillNewUserDetailsAndClickOnFlights" finished-at="2021-09-08T22:43:23 IST" duration-ms="13546" status="PASS">
          <reporter-output>
          </reporter-output>
        </test-method> <!-- fillNewUserDetailsAndClickOnFlights -->
        <test-method is-config="true" signature="tearDown()[pri:0, instance:webPagesTest.UserRegistrationPageTest@3754a4bf]" started-at="2021-09-08T22:43:23 IST" name="tearDown" finished-at="2021-09-08T22:43:23 IST" duration-ms="114" status="PASS">
          <reporter-output>
          </reporter-output>
        </test-method> <!-- tearDown -->
      </class> <!-- webPagesTest.UserRegistrationPageTest -->
    </test> <!-- Nopackage -->
  </suite> <!-- flight-details-test -->
</testng-results>
