<?xml version="1.0" encoding="UTF-8"?>
<!-- Generated by org.testng.reporters.JUnitXMLReporter -->
<testsuite ignored="0" hostname="Sritajs-MBP" failures="0" tests="2" name="Nopackage" time="33.917" errors="0" timestamp="2021-09-08T22:43:23 IST">
  <testcase classname="webPagesTest.UserRegistrationPageTest" name="fillNewUserDetails" time="1.755"/>
  <testcase classname="webPagesTest.UserRegistrationPageTest" name="fillNewUserDetailsAndClickOnFlights" time="13.546"/>
</testsuite> <!-- Nopackage -->
